<?xml version="1.0" encoding="UTF-8"?>
<!-- Generated by org.testng.reporters.JUnitReportReporter -->
<testsuite hostname="HYHC-71888-WL" failures="1" tests="1" name="com.learn.cucumber.running.TestRunner" time="24.554" errors="0" timestamp="2023-07-06T21:25:19 IST" skipped="0">
  <testcase classname="com.learn.cucumber.running.TestRunner" name="runScenario" time="24.554">
    <failure message="null" type="java.lang.AssertionError">
      <![CDATA[java.lang.AssertionError: null
at org.testng.Assert.fail(Assert.java:110)
at org.testng.Assert.fail(Assert.java:115)
at com.learn.cucumber.stepdefinitions.RegistrationStepDef.i_see_field_level_error_message_at_email_field(RegistrationStepDef.java:50)
at âœ½.I see field level error message at email field(file:///C:/Users/shaik_n/eclipse-workspace/learn-cucumber/src/test/resources/application-features/file-upload.feature:13)
]]>
    </failure>
  </testcase> <!-- runScenario -->
  <system-out/>
</testsuite> <!-- com.learn.cucumber.running.TestRunner -->
